<?xml version="1.0" encoding="UTF-8"?>
<coverage generated="1584376265830" clover="3.2.0">
  <project timestamp="1584376265831" name="All files">
    <metrics statements="83" coveredstatements="41" conditionals="47" coveredconditionals="15" methods="40" coveredmethods="24" elements="170" coveredelements="80" complexity="0" loc="83" ncloc="83" packages="1" files="10" classes="10"/>
    <file name="App.js" path="/home/antonio/scripts/html/sitegit/antoniopaolillo.github.io/trybe-exercises/16.2/marketplace/src/App.js">
      <metrics statements="1" coveredstatements="1" conditionals="0" coveredconditionals="0" methods="1" coveredmethods="1"/>
      <line num="6" count="10" type="stmt"/>
    </file>
    <file name="ButtonsOfQuantity.jsx" path="/home/antonio/scripts/html/sitegit/antoniopaolillo.github.io/trybe-exercises/16.2/marketplace/src/ButtonsOfQuantity.jsx">
      <metrics statements="23" coveredstatements="23" conditionals="10" coveredconditionals="10" methods="12" coveredmethods="12"/>
      <line num="7" count="10" type="stmt"/>
      <line num="8" count="10" type="stmt"/>
      <line num="9" count="10" type="cond" truecount="2" falsecount="0"/>
      <line num="10" count="4" type="cond" truecount="2" falsecount="0"/>
      <line num="11" count="1" type="stmt"/>
      <line num="13" count="3" type="stmt"/>
      <line num="15" count="6" type="stmt"/>
      <line num="19" count="4" type="stmt"/>
      <line num="20" count="4" type="stmt"/>
      <line num="21" count="4" type="cond" truecount="2" falsecount="0"/>
      <line num="22" count="3" type="cond" truecount="2" falsecount="0"/>
      <line num="23" count="1" type="stmt"/>
      <line num="25" count="2" type="stmt"/>
      <line num="27" count="1" type="stmt"/>
      <line num="31" count="105" type="stmt"/>
      <line num="32" count="105" type="stmt"/>
      <line num="33" count="105" type="stmt"/>
      <line num="37" count="10" type="stmt"/>
      <line num="46" count="4" type="stmt"/>
      <line num="55" count="105" type="stmt"/>
      <line num="59" count="50" type="stmt"/>
      <line num="60" count="9" type="stmt"/>
      <line num="61" count="2" type="stmt"/>
    </file>
    <file name="Product.jsx" path="/home/antonio/scripts/html/sitegit/antoniopaolillo.github.io/trybe-exercises/16.2/marketplace/src/Product.jsx">
      <metrics statements="2" coveredstatements="2" conditionals="0" coveredconditionals="0" methods="1" coveredmethods="1"/>
      <line num="8" count="105" type="stmt"/>
      <line num="9" count="105" type="stmt"/>
    </file>
    <file name="Products.jsx" path="/home/antonio/scripts/html/sitegit/antoniopaolillo.github.io/trybe-exercises/16.2/marketplace/src/Products.jsx">
      <metrics statements="6" coveredstatements="6" conditionals="0" coveredconditionals="0" methods="5" coveredmethods="5"/>
      <line num="9" count="21" type="stmt"/>
      <line num="10" count="12" type="stmt"/>
      <line num="13" count="21" type="stmt"/>
      <line num="16" count="21" type="stmt"/>
      <line num="23" count="105" type="stmt"/>
      <line num="31" count="21" type="stmt"/>
    </file>
    <file name="action.js" path="/home/antonio/scripts/html/sitegit/antoniopaolillo.github.io/trybe-exercises/16.2/marketplace/src/action.js">
      <metrics statements="2" coveredstatements="2" conditionals="0" coveredconditionals="0" methods="2" coveredmethods="2"/>
      <line num="1" count="9" type="stmt"/>
      <line num="6" count="2" type="stmt"/>
    </file>
    <file name="data.js" path="/home/antonio/scripts/html/sitegit/antoniopaolillo.github.io/trybe-exercises/16.2/marketplace/src/data.js">
      <metrics statements="1" coveredstatements="1" conditionals="0" coveredconditionals="0" methods="0" coveredmethods="0"/>
      <line num="1" count="1" type="stmt"/>
    </file>
    <file name="index.js" path="/home/antonio/scripts/html/sitegit/antoniopaolillo.github.io/trybe-exercises/16.2/marketplace/src/index.js">
      <metrics statements="2" coveredstatements="0" conditionals="0" coveredconditionals="0" methods="0" coveredmethods="0"/>
      <line num="8" count="0" type="stmt"/>
      <line num="18" count="0" type="stmt"/>
    </file>
    <file name="reducer.js" path="/home/antonio/scripts/html/sitegit/antoniopaolillo.github.io/trybe-exercises/16.2/marketplace/src/reducer.js">
      <metrics statements="6" coveredstatements="6" conditionals="5" coveredconditionals="5" methods="3" coveredmethods="3"/>
      <line num="1" count="1" type="stmt"/>
      <line num="4" count="21" type="cond" truecount="2" falsecount="0"/>
      <line num="5" count="9" type="stmt"/>
      <line num="6" count="12" type="cond" truecount="2" falsecount="0"/>
      <line num="7" count="2" type="stmt"/>
      <line num="9" count="10" type="stmt"/>
    </file>
    <file name="serviceWorker.js" path="/home/antonio/scripts/html/sitegit/antoniopaolillo.github.io/trybe-exercises/16.2/marketplace/src/serviceWorker.js">
      <metrics statements="39" coveredstatements="0" conditionals="32" coveredconditionals="0" methods="16" coveredmethods="0"/>
      <line num="13" count="0" type="stmt"/>
      <line num="24" count="0" type="cond" truecount="0" falsecount="4"/>
      <line num="26" count="0" type="stmt"/>
      <line num="27" count="0" type="cond" truecount="0" falsecount="2"/>
      <line num="31" count="0" type="stmt"/>
      <line num="34" count="0" type="stmt"/>
      <line num="35" count="0" type="stmt"/>
      <line num="37" count="0" type="cond" truecount="0" falsecount="2"/>
      <line num="39" count="0" type="stmt"/>
      <line num="43" count="0" type="stmt"/>
      <line num="44" count="0" type="stmt"/>
      <line num="51" count="0" type="stmt"/>
      <line num="58" count="0" type="stmt"/>
      <line num="61" count="0" type="stmt"/>
      <line num="62" count="0" type="stmt"/>
      <line num="63" count="0" type="cond" truecount="0" falsecount="2"/>
      <line num="64" count="0" type="stmt"/>
      <line num="66" count="0" type="stmt"/>
      <line num="67" count="0" type="cond" truecount="0" falsecount="2"/>
      <line num="68" count="0" type="cond" truecount="0" falsecount="2"/>
      <line num="72" count="0" type="stmt"/>
      <line num="78" count="0" type="cond" truecount="0" falsecount="4"/>
      <line num="79" count="0" type="stmt"/>
      <line num="85" count="0" type="stmt"/>
      <line num="88" count="0" type="cond" truecount="0" falsecount="4"/>
      <line num="89" count="0" type="stmt"/>
      <line num="97" count="0" type="stmt"/>
      <line num="103" count="0" type="stmt"/>
      <line num="108" count="0" type="stmt"/>
      <line num="109" count="0" type="cond" truecount="0" falsecount="2"/>
      <line num="114" count="0" type="stmt"/>
      <line num="115" count="0" type="stmt"/>
      <line num="116" count="0" type="stmt"/>
      <line num="121" count="0" type="stmt"/>
      <line num="125" count="0" type="stmt"/>
      <line num="132" count="0" type="cond" truecount="0" falsecount="2"/>
      <line num="133" count="0" type="stmt"/>
      <line num="135" count="0" type="stmt"/>
      <line num="138" count="0" type="stmt"/>
    </file>
    <file name="store.js" path="/home/antonio/scripts/html/sitegit/antoniopaolillo.github.io/trybe-exercises/16.2/marketplace/src/store.js">
      <metrics statements="1" coveredstatements="0" conditionals="0" coveredconditionals="0" methods="0" coveredmethods="0"/>
      <line num="3" count="0" type="stmt"/>
    </file>
  </project>
</coverage>
