{"/home/antonio/scripts/html/sitegit/antoniopaolillo.github.io/trybe-exercises/16.2/marketplace/src/App.js": {"path":"/home/antonio/scripts/html/sitegit/antoniopaolillo.github.io/trybe-exercises/16.2/marketplace/src/App.js","statementMap":{"0":{"start":{"line":6,"column":2},"end":{"line":11,"column":4}}},"fnMap":{"0":{"name":"App","decl":{"start":{"line":5,"column":9},"end":{"line":5,"column":12}},"loc":{"start":{"line":5,"column":15},"end":{"line":12,"column":1}},"line":5}},"branchMap":{},"s":{"0":11},"f":{"0":11},"b":{},"_coverageSchema":"43e27e138ebf9cfc5966b082cf9a028302ed4184","hash":"be51ca3f6f837bbf7ae084a6d74a2ad9f67f7ded"}
,"/home/antonio/scripts/html/sitegit/antoniopaolillo.github.io/trybe-exercises/16.2/marketplace/src/ButtonsOfQuantity.jsx": {"path":"/home/antonio/scripts/html/sitegit/antoniopaolillo.github.io/trybe-exercises/16.2/marketplace/src/ButtonsOfQuantity.jsx","statementMap":{"0":{"start":{"line":7,"column":43},"end":{"line":7,"column":50}},"1":{"start":{"line":8,"column":24},"end":{"line":8,"column":67}},"2":{"start":{"line":8,"column":48},"end":{"line":8,"column":66}},"3":{"start":{"line":9,"column":4},"end":{"line":14,"column":5}},"4":{"start":{"line":10,"column":6},"end":{"line":12,"column":7}},"5":{"start":{"line":11,"column":8},"end":{"line":11,"column":54}},"6":{"start":{"line":13,"column":6},"end":{"line":13,"column":70}},"7":{"start":{"line":15,"column":4},"end":{"line":15,"column":45}},"8":{"start":{"line":19,"column":28},"end":{"line":19,"column":35}},"9":{"start":{"line":20,"column":24},"end":{"line":20,"column":67}},"10":{"start":{"line":20,"column":48},"end":{"line":20,"column":66}},"11":{"start":{"line":21,"column":4},"end":{"line":26,"column":5}},"12":{"start":{"line":22,"column":6},"end":{"line":24,"column":7}},"13":{"start":{"line":23,"column":8},"end":{"line":23,"column":58}},"14":{"start":{"line":25,"column":6},"end":{"line":25,"column":73}},"15":{"start":{"line":27,"column":4},"end":{"line":27,"column":49}},"16":{"start":{"line":31,"column":47},"end":{"line":31,"column":57}},"17":{"start":{"line":32,"column":24},"end":{"line":32,"column":75}},"18":{"start":{"line":32,"column":48},"end":{"line":32,"column":74}},"19":{"start":{"line":33,"column":4},"end":{"line":51,"column":6}},"20":{"start":{"line":37,"column":25},"end":{"line":37,"column":70}},"21":{"start":{"line":46,"column":25},"end":{"line":46,"column":64}},"22":{"start":{"line":55,"column":24},"end":{"line":57,"column":2}},"23":{"start":{"line":55,"column":36},"end":{"line":57,"column":1}},"24":{"start":{"line":59,"column":27},"end":{"line":62,"column":2}},"25":{"start":{"line":59,"column":42},"end":{"line":62,"column":1}},"26":{"start":{"line":60,"column":14},"end":{"line":60,"column":30}},"27":{"start":{"line":61,"column":17},"end":{"line":61,"column":36}}},"fnMap":{"0":{"name":"(anonymous_0)","decl":{"start":{"line":6,"column":2},"end":{"line":6,"column":3}},"loc":{"start":{"line":6,"column":37},"end":{"line":16,"column":3}},"line":6},"1":{"name":"(anonymous_1)","decl":{"start":{"line":8,"column":38},"end":{"line":8,"column":39}},"loc":{"start":{"line":8,"column":48},"end":{"line":8,"column":66}},"line":8},"2":{"name":"(anonymous_2)","decl":{"start":{"line":18,"column":2},"end":{"line":18,"column":3}},"loc":{"start":{"line":18,"column":43},"end":{"line":28,"column":3}},"line":18},"3":{"name":"(anonymous_3)","decl":{"start":{"line":20,"column":38},"end":{"line":20,"column":39}},"loc":{"start":{"line":20,"column":48},"end":{"line":20,"column":66}},"line":20},"4":{"name":"(anonymous_4)","decl":{"start":{"line":30,"column":2},"end":{"line":30,"column":3}},"loc":{"start":{"line":30,"column":11},"end":{"line":52,"column":3}},"line":30},"5":{"name":"(anonymous_5)","decl":{"start":{"line":32,"column":38},"end":{"line":32,"column":39}},"loc":{"start":{"line":32,"column":48},"end":{"line":32,"column":74}},"line":32},"6":{"name":"(anonymous_6)","decl":{"start":{"line":37,"column":19},"end":{"line":37,"column":20}},"loc":{"start":{"line":37,"column":25},"end":{"line":37,"column":70}},"line":37},"7":{"name":"(anonymous_7)","decl":{"start":{"line":46,"column":19},"end":{"line":46,"column":20}},"loc":{"start":{"line":46,"column":25},"end":{"line":46,"column":64}},"line":46},"8":{"name":"(anonymous_8)","decl":{"start":{"line":55,"column":24},"end":{"line":55,"column":25}},"loc":{"start":{"line":55,"column":36},"end":{"line":57,"column":1}},"line":55},"9":{"name":"(anonymous_9)","decl":{"start":{"line":59,"column":27},"end":{"line":59,"column":28}},"loc":{"start":{"line":59,"column":42},"end":{"line":62,"column":1}},"line":59},"10":{"name":"(anonymous_10)","decl":{"start":{"line":60,"column":7},"end":{"line":60,"column":8}},"loc":{"start":{"line":60,"column":14},"end":{"line":60,"column":30}},"line":60},"11":{"name":"(anonymous_11)","decl":{"start":{"line":61,"column":10},"end":{"line":61,"column":11}},"loc":{"start":{"line":61,"column":17},"end":{"line":61,"column":36}},"line":61}},"branchMap":{"0":{"loc":{"start":{"line":9,"column":4},"end":{"line":14,"column":5}},"type":"if","locations":[{"start":{"line":9,"column":4},"end":{"line":14,"column":5}},{"start":{"line":9,"column":4},"end":{"line":14,"column":5}}],"line":9},"1":{"loc":{"start":{"line":10,"column":6},"end":{"line":12,"column":7}},"type":"if","locations":[{"start":{"line":10,"column":6},"end":{"line":12,"column":7}},{"start":{"line":10,"column":6},"end":{"line":12,"column":7}}],"line":10},"2":{"loc":{"start":{"line":21,"column":4},"end":{"line":26,"column":5}},"type":"if","locations":[{"start":{"line":21,"column":4},"end":{"line":26,"column":5}},{"start":{"line":21,"column":4},"end":{"line":26,"column":5}}],"line":21},"3":{"loc":{"start":{"line":22,"column":6},"end":{"line":24,"column":7}},"type":"if","locations":[{"start":{"line":22,"column":6},"end":{"line":24,"column":7}},{"start":{"line":22,"column":6},"end":{"line":24,"column":7}}],"line":22},"4":{"loc":{"start":{"line":42,"column":11},"end":{"line":42,"column":49}},"type":"cond-expr","locations":[{"start":{"line":42,"column":25},"end":{"line":42,"column":45}},{"start":{"line":42,"column":48},"end":{"line":42,"column":49}}],"line":42}},"s":{"0":10,"1":10,"2":5,"3":10,"4":4,"5":1,"6":3,"7":6,"8":4,"9":4,"10":3,"11":4,"12":3,"13":1,"14":2,"15":1,"16":110,"17":110,"18":59,"19":110,"20":4,"21":10,"22":1,"23":110,"24":1,"25":55,"26":9,"27":2},"f":{"0":10,"1":5,"2":4,"3":3,"4":110,"5":59,"6":4,"7":10,"8":110,"9":55,"10":9,"11":2},"b":{"0":[4,6],"1":[1,3],"2":[3,1],"3":[1,2],"4":[12,98]},"_coverageSchema":"43e27e138ebf9cfc5966b082cf9a028302ed4184","hash":"6a7a1fd93640d01b7ae24ea3c4466d0b8d5ebba1"}
,"/home/antonio/scripts/html/sitegit/antoniopaolillo.github.io/trybe-exercises/16.2/marketplace/src/Product.jsx": {"path":"/home/antonio/scripts/html/sitegit/antoniopaolillo.github.io/trybe-exercises/16.2/marketplace/src/Product.jsx","statementMap":{"0":{"start":{"line":7,"column":8},"end":{"line":7,"column":18}},"1":{"start":{"line":8,"column":4},"end":{"line":17,"column":6}}},"fnMap":{"0":{"name":"(anonymous_0)","decl":{"start":{"line":4,"column":2},"end":{"line":4,"column":3}},"loc":{"start":{"line":4,"column":11},"end":{"line":18,"column":3}},"line":4}},"branchMap":{},"s":{"0":110,"1":110},"f":{"0":110},"b":{},"_coverageSchema":"43e27e138ebf9cfc5966b082cf9a028302ed4184","hash":"b23f45c82d4bc2d8478f83b1926b67220442a9bf"}
,"/home/antonio/scripts/html/sitegit/antoniopaolillo.github.io/trybe-exercises/16.2/marketplace/src/Products.jsx": {"path":"/home/antonio/scripts/html/sitegit/antoniopaolillo.github.io/trybe-exercises/16.2/marketplace/src/Products.jsx","statementMap":{"0":{"start":{"line":9,"column":18},"end":{"line":12,"column":5}},"1":{"start":{"line":10,"column":24},"end":{"line":10,"column":62}},"2":{"start":{"line":13,"column":4},"end":{"line":13,"column":28}},"3":{"start":{"line":16,"column":4},"end":{"line":27,"column":6}},"4":{"start":{"line":23,"column":12},"end":{"line":23,"column":60}},"5":{"start":{"line":31,"column":24},"end":{"line":33,"column":2}},"6":{"start":{"line":31,"column":36},"end":{"line":33,"column":1}}},"fnMap":{"0":{"name":"(anonymous_0)","decl":{"start":{"line":8,"column":2},"end":{"line":8,"column":3}},"loc":{"start":{"line":8,"column":22},"end":{"line":14,"column":3}},"line":8},"1":{"name":"(anonymous_1)","decl":{"start":{"line":10,"column":6},"end":{"line":10,"column":7}},"loc":{"start":{"line":10,"column":24},"end":{"line":10,"column":62}},"line":10},"2":{"name":"(anonymous_2)","decl":{"start":{"line":15,"column":2},"end":{"line":15,"column":3}},"loc":{"start":{"line":15,"column":11},"end":{"line":28,"column":3}},"line":15},"3":{"name":"(anonymous_3)","decl":{"start":{"line":22,"column":20},"end":{"line":22,"column":21}},"loc":{"start":{"line":23,"column":12},"end":{"line":23,"column":60}},"line":23},"4":{"name":"(anonymous_4)","decl":{"start":{"line":31,"column":24},"end":{"line":31,"column":25}},"loc":{"start":{"line":31,"column":36},"end":{"line":33,"column":1}},"line":31}},"branchMap":{},"s":{"0":22,"1":12,"2":22,"3":22,"4":110,"5":1,"6":22},"f":{"0":22,"1":12,"2":22,"3":110,"4":22},"b":{},"_coverageSchema":"43e27e138ebf9cfc5966b082cf9a028302ed4184","hash":"ca59cc25a69f459a3fcb90088af2129e948ea260"}
,"/home/antonio/scripts/html/sitegit/antoniopaolillo.github.io/trybe-exercises/16.2/marketplace/src/action.js": {"path":"/home/antonio/scripts/html/sitegit/antoniopaolillo.github.io/trybe-exercises/16.2/marketplace/src/action.js","statementMap":{"0":{"start":{"line":1,"column":19},"end":{"line":4,"column":2}},"1":{"start":{"line":1,"column":31},"end":{"line":4,"column":1}},"2":{"start":{"line":6,"column":22},"end":{"line":9,"column":2}},"3":{"start":{"line":6,"column":34},"end":{"line":9,"column":1}}},"fnMap":{"0":{"name":"(anonymous_0)","decl":{"start":{"line":1,"column":19},"end":{"line":1,"column":20}},"loc":{"start":{"line":1,"column":31},"end":{"line":4,"column":1}},"line":1},"1":{"name":"(anonymous_1)","decl":{"start":{"line":6,"column":22},"end":{"line":6,"column":23}},"loc":{"start":{"line":6,"column":34},"end":{"line":9,"column":1}},"line":6}},"branchMap":{},"s":{"0":1,"1":9,"2":1,"3":2},"f":{"0":9,"1":2},"b":{},"_coverageSchema":"43e27e138ebf9cfc5966b082cf9a028302ed4184","hash":"275cafd0c3bcccec712dac161206dfbda914e4b7"}
,"/home/antonio/scripts/html/sitegit/antoniopaolillo.github.io/trybe-exercises/16.2/marketplace/src/data.js": {"path":"/home/antonio/scripts/html/sitegit/antoniopaolillo.github.io/trybe-exercises/16.2/marketplace/src/data.js","statementMap":{"0":{"start":{"line":1,"column":13},"end":{"line":7,"column":1}}},"fnMap":{},"branchMap":{},"s":{"0":1},"f":{},"b":{},"_coverageSchema":"43e27e138ebf9cfc5966b082cf9a028302ed4184","hash":"a6852a688f99f2300a9bb56edba1d9b5b0a9d29b"}
,"/home/antonio/scripts/html/sitegit/antoniopaolillo.github.io/trybe-exercises/16.2/marketplace/src/index.js": {"path":"/home/antonio/scripts/html/sitegit/antoniopaolillo.github.io/trybe-exercises/16.2/marketplace/src/index.js","statementMap":{"0":{"start":{"line":8,"column":0},"end":{"line":13,"column":2}},"1":{"start":{"line":18,"column":0},"end":{"line":18,"column":27}}},"fnMap":{},"branchMap":{},"s":{"0":0,"1":0},"f":{},"b":{},"hash":"f0c22bc37a40ee6a53a1df890ebd8f5fd6dd0460"}
,"/home/antonio/scripts/html/sitegit/antoniopaolillo.github.io/trybe-exercises/16.2/marketplace/src/reducer.js": {"path":"/home/antonio/scripts/html/sitegit/antoniopaolillo.github.io/trybe-exercises/16.2/marketplace/src/reducer.js","statementMap":{"0":{"start":{"line":1,"column":28},"end":{"line":1,"column":30}},"1":{"start":{"line":4,"column":2},"end":{"line":8,"column":3}},"2":{"start":{"line":5,"column":4},"end":{"line":5,"column":90}},"3":{"start":{"line":5,"column":39},"end":{"line":5,"column":73}},"4":{"start":{"line":6,"column":9},"end":{"line":8,"column":3}},"5":{"start":{"line":7,"column":4},"end":{"line":7,"column":90}},"6":{"start":{"line":7,"column":39},"end":{"line":7,"column":73}},"7":{"start":{"line":9,"column":2},"end":{"line":9,"column":15}}},"fnMap":{"0":{"name":"reducer","decl":{"start":{"line":3,"column":16},"end":{"line":3,"column":23}},"loc":{"start":{"line":3,"column":54},"end":{"line":10,"column":1}},"line":3},"1":{"name":"(anonymous_1)","decl":{"start":{"line":5,"column":28},"end":{"line":5,"column":29}},"loc":{"start":{"line":5,"column":39},"end":{"line":5,"column":73}},"line":5},"2":{"name":"(anonymous_2)","decl":{"start":{"line":7,"column":28},"end":{"line":7,"column":29}},"loc":{"start":{"line":7,"column":39},"end":{"line":7,"column":73}},"line":7}},"branchMap":{"0":{"loc":{"start":{"line":3,"column":24},"end":{"line":3,"column":44}},"type":"default-arg","locations":[{"start":{"line":3,"column":32},"end":{"line":3,"column":44}}],"line":3},"1":{"loc":{"start":{"line":4,"column":2},"end":{"line":8,"column":3}},"type":"if","locations":[{"start":{"line":4,"column":2},"end":{"line":8,"column":3}},{"start":{"line":4,"column":2},"end":{"line":8,"column":3}}],"line":4},"2":{"loc":{"start":{"line":6,"column":9},"end":{"line":8,"column":3}},"type":"if","locations":[{"start":{"line":6,"column":9},"end":{"line":8,"column":3}},{"start":{"line":6,"column":9},"end":{"line":8,"column":3}}],"line":6}},"s":{"0":1,"1":22,"2":9,"3":4,"4":13,"5":2,"6":2,"7":11},"f":{"0":22,"1":4,"2":2},"b":{"0":[11],"1":[9,13],"2":[2,11]},"_coverageSchema":"43e27e138ebf9cfc5966b082cf9a028302ed4184","hash":"e1fd32271d26525a6ee3a8d07e79120d645119af"}
,"/home/antonio/scripts/html/sitegit/antoniopaolillo.github.io/trybe-exercises/16.2/marketplace/src/serviceWorker.js": {"path":"/home/antonio/scripts/html/sitegit/antoniopaolillo.github.io/trybe-exercises/16.2/marketplace/src/serviceWorker.js","statementMap":{"0":{"start":{"line":13,"column":20},"end":{"line":21,"column":1}},"1":{"start":{"line":24,"column":2},"end":{"line":54,"column":3}},"2":{"start":{"line":26,"column":22},"end":{"line":26,"column":75}},"3":{"start":{"line":27,"column":4},"end":{"line":32,"column":5}},"4":{"start":{"line":31,"column":6},"end":{"line":31,"column":13}},"5":{"start":{"line":34,"column":4},"end":{"line":53,"column":7}},"6":{"start":{"line":35,"column":20},"end":{"line":35,"column":65}},"7":{"start":{"line":37,"column":6},"end":{"line":52,"column":7}},"8":{"start":{"line":39,"column":8},"end":{"line":39,"column":47}},"9":{"start":{"line":43,"column":8},"end":{"line":48,"column":11}},"10":{"start":{"line":44,"column":10},"end":{"line":47,"column":12}},"11":{"start":{"line":51,"column":8},"end":{"line":51,"column":39}},"12":{"start":{"line":58,"column":2},"end":{"line":98,"column":7}},"13":{"start":{"line":61,"column":6},"end":{"line":94,"column":8}},"14":{"start":{"line":62,"column":33},"end":{"line":62,"column":56}},"15":{"start":{"line":63,"column":8},"end":{"line":65,"column":9}},"16":{"start":{"line":64,"column":10},"end":{"line":64,"column":17}},"17":{"start":{"line":66,"column":8},"end":{"line":93,"column":10}},"18":{"start":{"line":67,"column":10},"end":{"line":92,"column":11}},"19":{"start":{"line":68,"column":12},"end":{"line":91,"column":13}},"20":{"start":{"line":72,"column":14},"end":{"line":75,"column":16}},"21":{"start":{"line":78,"column":14},"end":{"line":80,"column":15}},"22":{"start":{"line":79,"column":16},"end":{"line":79,"column":46}},"23":{"start":{"line":85,"column":14},"end":{"line":85,"column":64}},"24":{"start":{"line":88,"column":14},"end":{"line":90,"column":15}},"25":{"start":{"line":89,"column":16},"end":{"line":89,"column":47}},"26":{"start":{"line":97,"column":6},"end":{"line":97,"column":72}},"27":{"start":{"line":103,"column":2},"end":{"line":128,"column":7}},"28":{"start":{"line":108,"column":26},"end":{"line":108,"column":62}},"29":{"start":{"line":109,"column":6},"end":{"line":122,"column":7}},"30":{"start":{"line":114,"column":8},"end":{"line":118,"column":11}},"31":{"start":{"line":115,"column":10},"end":{"line":117,"column":13}},"32":{"start":{"line":116,"column":12},"end":{"line":116,"column":37}},"33":{"start":{"line":121,"column":8},"end":{"line":121,"column":39}},"34":{"start":{"line":125,"column":6},"end":{"line":127,"column":8}},"35":{"start":{"line":132,"column":2},"end":{"line":140,"column":3}},"36":{"start":{"line":133,"column":4},"end":{"line":139,"column":9}},"37":{"start":{"line":135,"column":8},"end":{"line":135,"column":34}},"38":{"start":{"line":138,"column":8},"end":{"line":138,"column":37}}},"fnMap":{"0":{"name":"register","decl":{"start":{"line":23,"column":16},"end":{"line":23,"column":24}},"loc":{"start":{"line":23,"column":33},"end":{"line":55,"column":1}},"line":23},"1":{"name":"(anonymous_1)","decl":{"start":{"line":34,"column":36},"end":{"line":34,"column":37}},"loc":{"start":{"line":34,"column":42},"end":{"line":53,"column":5}},"line":34},"2":{"name":"(anonymous_2)","decl":{"start":{"line":43,"column":43},"end":{"line":43,"column":44}},"loc":{"start":{"line":43,"column":49},"end":{"line":48,"column":9}},"line":43},"3":{"name":"registerValidSW","decl":{"start":{"line":57,"column":9},"end":{"line":57,"column":24}},"loc":{"start":{"line":57,"column":40},"end":{"line":99,"column":1}},"line":57},"4":{"name":"(anonymous_4)","decl":{"start":{"line":60,"column":10},"end":{"line":60,"column":11}},"loc":{"start":{"line":60,"column":26},"end":{"line":95,"column":5}},"line":60},"5":{"name":"(anonymous_5)","decl":{"start":{"line":61,"column":35},"end":{"line":61,"column":36}},"loc":{"start":{"line":61,"column":41},"end":{"line":94,"column":7}},"line":61},"6":{"name":"(anonymous_6)","decl":{"start":{"line":66,"column":41},"end":{"line":66,"column":42}},"loc":{"start":{"line":66,"column":47},"end":{"line":93,"column":9}},"line":66},"7":{"name":"(anonymous_7)","decl":{"start":{"line":96,"column":11},"end":{"line":96,"column":12}},"loc":{"start":{"line":96,"column":20},"end":{"line":98,"column":5}},"line":96},"8":{"name":"checkValidServiceWorker","decl":{"start":{"line":101,"column":9},"end":{"line":101,"column":32}},"loc":{"start":{"line":101,"column":48},"end":{"line":129,"column":1}},"line":101},"9":{"name":"(anonymous_9)","decl":{"start":{"line":106,"column":10},"end":{"line":106,"column":11}},"loc":{"start":{"line":106,"column":22},"end":{"line":123,"column":5}},"line":106},"10":{"name":"(anonymous_10)","decl":{"start":{"line":114,"column":43},"end":{"line":114,"column":44}},"loc":{"start":{"line":114,"column":59},"end":{"line":118,"column":9}},"line":114},"11":{"name":"(anonymous_11)","decl":{"start":{"line":115,"column":41},"end":{"line":115,"column":42}},"loc":{"start":{"line":115,"column":47},"end":{"line":117,"column":11}},"line":115},"12":{"name":"(anonymous_12)","decl":{"start":{"line":124,"column":11},"end":{"line":124,"column":12}},"loc":{"start":{"line":124,"column":17},"end":{"line":128,"column":5}},"line":124},"13":{"name":"unregister","decl":{"start":{"line":131,"column":16},"end":{"line":131,"column":26}},"loc":{"start":{"line":131,"column":29},"end":{"line":141,"column":1}},"line":131},"14":{"name":"(anonymous_14)","decl":{"start":{"line":134,"column":12},"end":{"line":134,"column":13}},"loc":{"start":{"line":134,"column":28},"end":{"line":136,"column":7}},"line":134},"15":{"name":"(anonymous_15)","decl":{"start":{"line":137,"column":13},"end":{"line":137,"column":14}},"loc":{"start":{"line":137,"column":22},"end":{"line":139,"column":7}},"line":137}},"branchMap":{"0":{"loc":{"start":{"line":14,"column":2},"end":{"line":20,"column":5}},"type":"binary-expr","locations":[{"start":{"line":14,"column":2},"end":{"line":14,"column":42}},{"start":{"line":16,"column":4},"end":{"line":16,"column":40}},{"start":{"line":18,"column":4},"end":{"line":20,"column":5}}],"line":14},"1":{"loc":{"start":{"line":24,"column":2},"end":{"line":54,"column":3}},"type":"if","locations":[{"start":{"line":24,"column":2},"end":{"line":54,"column":3}},{"start":{"line":24,"column":2},"end":{"line":54,"column":3}}],"line":24},"2":{"loc":{"start":{"line":24,"column":6},"end":{"line":24,"column":75}},"type":"binary-expr","locations":[{"start":{"line":24,"column":6},"end":{"line":24,"column":43}},{"start":{"line":24,"column":47},"end":{"line":24,"column":75}}],"line":24},"3":{"loc":{"start":{"line":27,"column":4},"end":{"line":32,"column":5}},"type":"if","locations":[{"start":{"line":27,"column":4},"end":{"line":32,"column":5}},{"start":{"line":27,"column":4},"end":{"line":32,"column":5}}],"line":27},"4":{"loc":{"start":{"line":37,"column":6},"end":{"line":52,"column":7}},"type":"if","locations":[{"start":{"line":37,"column":6},"end":{"line":52,"column":7}},{"start":{"line":37,"column":6},"end":{"line":52,"column":7}}],"line":37},"5":{"loc":{"start":{"line":63,"column":8},"end":{"line":65,"column":9}},"type":"if","locations":[{"start":{"line":63,"column":8},"end":{"line":65,"column":9}},{"start":{"line":63,"column":8},"end":{"line":65,"column":9}}],"line":63},"6":{"loc":{"start":{"line":67,"column":10},"end":{"line":92,"column":11}},"type":"if","locations":[{"start":{"line":67,"column":10},"end":{"line":92,"column":11}},{"start":{"line":67,"column":10},"end":{"line":92,"column":11}}],"line":67},"7":{"loc":{"start":{"line":68,"column":12},"end":{"line":91,"column":13}},"type":"if","locations":[{"start":{"line":68,"column":12},"end":{"line":91,"column":13}},{"start":{"line":68,"column":12},"end":{"line":91,"column":13}}],"line":68},"8":{"loc":{"start":{"line":78,"column":14},"end":{"line":80,"column":15}},"type":"if","locations":[{"start":{"line":78,"column":14},"end":{"line":80,"column":15}},{"start":{"line":78,"column":14},"end":{"line":80,"column":15}}],"line":78},"9":{"loc":{"start":{"line":78,"column":18},"end":{"line":78,"column":43}},"type":"binary-expr","locations":[{"start":{"line":78,"column":18},"end":{"line":78,"column":24}},{"start":{"line":78,"column":28},"end":{"line":78,"column":43}}],"line":78},"10":{"loc":{"start":{"line":88,"column":14},"end":{"line":90,"column":15}},"type":"if","locations":[{"start":{"line":88,"column":14},"end":{"line":90,"column":15}},{"start":{"line":88,"column":14},"end":{"line":90,"column":15}}],"line":88},"11":{"loc":{"start":{"line":88,"column":18},"end":{"line":88,"column":44}},"type":"binary-expr","locations":[{"start":{"line":88,"column":18},"end":{"line":88,"column":24}},{"start":{"line":88,"column":28},"end":{"line":88,"column":44}}],"line":88},"12":{"loc":{"start":{"line":109,"column":6},"end":{"line":122,"column":7}},"type":"if","locations":[{"start":{"line":109,"column":6},"end":{"line":122,"column":7}},{"start":{"line":109,"column":6},"end":{"line":122,"column":7}}],"line":109},"13":{"loc":{"start":{"line":110,"column":8},"end":{"line":111,"column":73}},"type":"binary-expr","locations":[{"start":{"line":110,"column":8},"end":{"line":110,"column":31}},{"start":{"line":111,"column":9},"end":{"line":111,"column":28}},{"start":{"line":111,"column":32},"end":{"line":111,"column":72}}],"line":110},"14":{"loc":{"start":{"line":132,"column":2},"end":{"line":140,"column":3}},"type":"if","locations":[{"start":{"line":132,"column":2},"end":{"line":140,"column":3}},{"start":{"line":132,"column":2},"end":{"line":140,"column":3}}],"line":132}},"s":{"0":0,"1":0,"2":0,"3":0,"4":0,"5":0,"6":0,"7":0,"8":0,"9":0,"10":0,"11":0,"12":0,"13":0,"14":0,"15":0,"16":0,"17":0,"18":0,"19":0,"20":0,"21":0,"22":0,"23":0,"24":0,"25":0,"26":0,"27":0,"28":0,"29":0,"30":0,"31":0,"32":0,"33":0,"34":0,"35":0,"36":0,"37":0,"38":0},"f":{"0":0,"1":0,"2":0,"3":0,"4":0,"5":0,"6":0,"7":0,"8":0,"9":0,"10":0,"11":0,"12":0,"13":0,"14":0,"15":0},"b":{"0":[0,0,0],"1":[0,0],"2":[0,0],"3":[0,0],"4":[0,0],"5":[0,0],"6":[0,0],"7":[0,0],"8":[0,0],"9":[0,0],"10":[0,0],"11":[0,0],"12":[0,0],"13":[0,0,0],"14":[0,0]},"hash":"c1ce5775e2ec3e5467d7714ab925fc1b0a064959"}
,"/home/antonio/scripts/html/sitegit/antoniopaolillo.github.io/trybe-exercises/16.2/marketplace/src/store.js": {"path":"/home/antonio/scripts/html/sitegit/antoniopaolillo.github.io/trybe-exercises/16.2/marketplace/src/store.js","statementMap":{"0":{"start":{"line":3,"column":14},"end":{"line":3,"column":34}}},"fnMap":{},"branchMap":{},"s":{"0":0},"f":{},"b":{},"hash":"d5198388b9c38f448a001c8b2ccdf3602e9d5501"}
}
