TN:
SF:/home/antonio/scripts/html/sitegit/antoniopaolillo.github.io/trybe-exercises/16.2/marketplace/src/App.js
FN:5,App
FNF:1
FNH:1
FNDA:11,App
DA:6,11
LF:1
LH:1
BRF:0
BRH:0
end_of_record
TN:
SF:/home/antonio/scripts/html/sitegit/antoniopaolillo.github.io/trybe-exercises/16.2/marketplace/src/ButtonsOfQuantity.jsx
FN:6,(anonymous_0)
FN:8,(anonymous_1)
FN:18,(anonymous_2)
FN:20,(anonymous_3)
FN:30,(anonymous_4)
FN:32,(anonymous_5)
FN:37,(anonymous_6)
FN:46,(anonymous_7)
FN:55,(anonymous_8)
FN:59,(anonymous_9)
FN:60,(anonymous_10)
FN:61,(anonymous_11)
FNF:12
FNH:12
FNDA:10,(anonymous_0)
FNDA:5,(anonymous_1)
FNDA:4,(anonymous_2)
FNDA:3,(anonymous_3)
FNDA:110,(anonymous_4)
FNDA:59,(anonymous_5)
FNDA:4,(anonymous_6)
FNDA:10,(anonymous_7)
FNDA:110,(anonymous_8)
FNDA:55,(anonymous_9)
FNDA:9,(anonymous_10)
FNDA:2,(anonymous_11)
DA:7,10
DA:8,10
DA:9,10
DA:10,4
DA:11,1
DA:13,3
DA:15,6
DA:19,4
DA:20,4
DA:21,4
DA:22,3
DA:23,1
DA:25,2
DA:27,1
DA:31,110
DA:32,110
DA:33,110
DA:37,4
DA:46,10
DA:55,110
DA:59,55
DA:60,9
DA:61,2
LF:23
LH:23
BRDA:9,0,0,4
BRDA:9,0,1,6
BRDA:10,1,0,1
BRDA:10,1,1,3
BRDA:21,2,0,3
BRDA:21,2,1,1
BRDA:22,3,0,1
BRDA:22,3,1,2
BRDA:42,4,0,12
BRDA:42,4,1,98
BRF:10
BRH:10
end_of_record
TN:
SF:/home/antonio/scripts/html/sitegit/antoniopaolillo.github.io/trybe-exercises/16.2/marketplace/src/Product.jsx
FN:4,(anonymous_0)
FNF:1
FNH:1
FNDA:110,(anonymous_0)
DA:7,110
DA:8,110
LF:2
LH:2
BRF:0
BRH:0
end_of_record
TN:
SF:/home/antonio/scripts/html/sitegit/antoniopaolillo.github.io/trybe-exercises/16.2/marketplace/src/Products.jsx
FN:8,(anonymous_0)
FN:10,(anonymous_1)
FN:15,(anonymous_2)
FN:22,(anonymous_3)
FN:31,(anonymous_4)
FNF:5
FNH:5
FNDA:22,(anonymous_0)
FNDA:12,(anonymous_1)
FNDA:22,(anonymous_2)
FNDA:110,(anonymous_3)
FNDA:22,(anonymous_4)
DA:9,22
DA:10,12
DA:13,22
DA:16,22
DA:23,110
DA:31,22
LF:6
LH:6
BRF:0
BRH:0
end_of_record
TN:
SF:/home/antonio/scripts/html/sitegit/antoniopaolillo.github.io/trybe-exercises/16.2/marketplace/src/action.js
FN:1,(anonymous_0)
FN:6,(anonymous_1)
FNF:2
FNH:2
FNDA:9,(anonymous_0)
FNDA:2,(anonymous_1)
DA:1,9
DA:6,2
LF:2
LH:2
BRF:0
BRH:0
end_of_record
TN:
SF:/home/antonio/scripts/html/sitegit/antoniopaolillo.github.io/trybe-exercises/16.2/marketplace/src/data.js
FNF:0
FNH:0
DA:1,1
LF:1
LH:1
BRF:0
BRH:0
end_of_record
TN:
SF:/home/antonio/scripts/html/sitegit/antoniopaolillo.github.io/trybe-exercises/16.2/marketplace/src/index.js
FNF:0
FNH:0
DA:8,0
DA:18,0
LF:2
LH:0
BRF:0
BRH:0
end_of_record
TN:
SF:/home/antonio/scripts/html/sitegit/antoniopaolillo.github.io/trybe-exercises/16.2/marketplace/src/reducer.js
FN:3,reducer
FN:5,(anonymous_1)
FN:7,(anonymous_2)
FNF:3
FNH:3
FNDA:22,reducer
FNDA:4,(anonymous_1)
FNDA:2,(anonymous_2)
DA:1,1
DA:4,22
DA:5,9
DA:6,13
DA:7,2
DA:9,11
LF:6
LH:6
BRDA:3,0,0,11
BRDA:4,1,0,9
BRDA:4,1,1,13
BRDA:6,2,0,2
BRDA:6,2,1,11
BRF:5
BRH:5
end_of_record
TN:
SF:/home/antonio/scripts/html/sitegit/antoniopaolillo.github.io/trybe-exercises/16.2/marketplace/src/serviceWorker.js
FN:23,register
FN:34,(anonymous_1)
FN:43,(anonymous_2)
FN:57,registerValidSW
FN:60,(anonymous_4)
FN:61,(anonymous_5)
FN:66,(anonymous_6)
FN:96,(anonymous_7)
FN:101,checkValidServiceWorker
FN:106,(anonymous_9)
FN:114,(anonymous_10)
FN:115,(anonymous_11)
FN:124,(anonymous_12)
FN:131,unregister
FN:134,(anonymous_14)
FN:137,(anonymous_15)
FNF:16
FNH:0
FNDA:0,register
FNDA:0,(anonymous_1)
FNDA:0,(anonymous_2)
FNDA:0,registerValidSW
FNDA:0,(anonymous_4)
FNDA:0,(anonymous_5)
FNDA:0,(anonymous_6)
FNDA:0,(anonymous_7)
FNDA:0,checkValidServiceWorker
FNDA:0,(anonymous_9)
FNDA:0,(anonymous_10)
FNDA:0,(anonymous_11)
FNDA:0,(anonymous_12)
FNDA:0,unregister
FNDA:0,(anonymous_14)
FNDA:0,(anonymous_15)
DA:13,0
DA:24,0
DA:26,0
DA:27,0
DA:31,0
DA:34,0
DA:35,0
DA:37,0
DA:39,0
DA:43,0
DA:44,0
DA:51,0
DA:58,0
DA:61,0
DA:62,0
DA:63,0
DA:64,0
DA:66,0
DA:67,0
DA:68,0
DA:72,0
DA:78,0
DA:79,0
DA:85,0
DA:88,0
DA:89,0
DA:97,0
DA:103,0
DA:108,0
DA:109,0
DA:114,0
DA:115,0
DA:116,0
DA:121,0
DA:125,0
DA:132,0
DA:133,0
DA:135,0
DA:138,0
LF:39
LH:0
BRDA:14,0,0,0
BRDA:14,0,1,0
BRDA:14,0,2,0
BRDA:24,1,0,0
BRDA:24,1,1,0
BRDA:24,2,0,0
BRDA:24,2,1,0
BRDA:27,3,0,0
BRDA:27,3,1,0
BRDA:37,4,0,0
BRDA:37,4,1,0
BRDA:63,5,0,0
BRDA:63,5,1,0
BRDA:67,6,0,0
BRDA:67,6,1,0
BRDA:68,7,0,0
BRDA:68,7,1,0
BRDA:78,8,0,0
BRDA:78,8,1,0
BRDA:78,9,0,0
BRDA:78,9,1,0
BRDA:88,10,0,0
BRDA:88,10,1,0
BRDA:88,11,0,0
BRDA:88,11,1,0
BRDA:109,12,0,0
BRDA:109,12,1,0
BRDA:110,13,0,0
BRDA:110,13,1,0
BRDA:110,13,2,0
BRDA:132,14,0,0
BRDA:132,14,1,0
BRF:32
BRH:0
end_of_record
TN:
SF:/home/antonio/scripts/html/sitegit/antoniopaolillo.github.io/trybe-exercises/16.2/marketplace/src/store.js
FNF:0
FNH:0
DA:3,0
LF:1
LH:0
BRF:0
BRH:0
end_of_record
